<?xml version="1.0" encoding="UTF-8"?>
<!-- Generated by org.testng.reporters.JUnitXMLReporter -->
<testsuite ignored="0" hostname="DEC1458" failures="1" tests="1" name="Test" time="59.811" errors="0" timestamp="2023-09-25T11:41:21 IST">
  <testcase classname="com.qa.testcases.DashBoardPageTest" name="HomePageTitleTest" time="0.021">
    <failure type="java.lang.AssertionError" message="expected [true] but found [false]">
      <![CDATA[java.lang.AssertionError: expected [true] but found [false]
at com.qa.testcases.DashBoardPageTest.HomePageTitleTest(DashBoardPageTest.java:84)
at java.base/java.util.ArrayList.forEach(ArrayList.java:1511)
... Removed 32 stack frames]]>
    </failure>
  </testcase> <!-- HomePageTitleTest -->
</testsuite> <!-- Test -->
