<?xml version="1.0" encoding="UTF-8"?>
<!-- Generated by org.testng.reporters.JUnitReportReporter -->
<testsuite hostname="DEC1458" failures="0" tests="1" name="io.github.ashwith.flutter.example.FlutterFinderExampleTest" time="12.332" errors="1" timestamp="2023-06-14T18:47:05 IST" skipped="0">
  <testcase classname="io.github.ashwith.flutter.example.FlutterFinderExampleTest" name="appiumFlutterTest" time="12.332">
    <error message="The element identified by &#039;eyJrZXlWYWx1ZVR5cGUiOiJTdHJpbmciLCJrZXlWYWx1ZVN0cmluZyI6IlVzZXJuYW1lIiwiZmluZGVyVHlwZSI6IkJ5VmFsdWVLZXkifQ==&#039; is not present in the cache or has expired. Try to find it again
For documentation on this error, please visit: https://www.selenium.dev/documentation/webdriver/troubleshooting/errors#no-such-element-exception
Build info: version: &#039;4.10.0&#039;, revision: &#039;c14d967899&#039;
System info: os.name: &#039;Windows 11&#039;, os.arch: &#039;amd64&#039;, os.version: &#039;10.0&#039;, java.version: &#039;18.0.1.1&#039;
Driver info: io.appium.java_client.android.AndroidDriver
Command: [4d7cbce7-fc8d-4e41-8f8a-8e5da7296d1a, clickElement {id=eyJrZXlWYWx1ZVR5cGUiOiJTdHJpbmciLCJrZXlWYWx1ZVN0cmluZyI6IlVzZXJuYW1lIiwiZmluZGVyVHlwZSI6IkJ5VmFsdWVLZXkifQ==}]
Capabilities {appium:app: , appium:appActivity: com.decimal.dataonflutter.M..., appium:appPackage: dataon.decimal.aucc.uat, appium:automationName: Appium, appium:databaseEnabled: false, appium:desired: {app: , appActivity: com.decimal.dataonflutter.M..., appPackage: dataon.decimal.aucc.uat, automationName: Appium, deviceName: RMX1921, noReset: true, platformName: ANDROID, platformVersion: 11, udid: 402c1cde}, appium:deviceApiLevel: 30, appium:deviceManufacturer: realme, appium:deviceModel: RMX1921, appium:deviceName: 402c1cde, appium:deviceScreenDensity: 480, appium:deviceScreenSize: 1080x2340, appium:deviceUDID: 402c1cde, appium:javascriptEnabled: true, appium:locationContextEnabled: false, appium:networkConnectionEnabled: true, appium:noReset: true, appium:pixelRatio: 3, appium:platformVersion: 11, appium:statBarHeight: 96, appium:takesScreenshot: true, appium:udid: 402c1cde, appium:viewportRect: {height: 2036, left: 0, top: 96, width: 1080}, appium:warnings: {}, appium:webStorageEnabled: false, platformName: ANDROID}
Element: [io.github.ashwith.flutter.FlutterElement@a0bca34e -&gt; unknown locator]
Session ID: 4d7cbce7-fc8d-4e41-8f8a-8e5da7296d1a" type="org.openqa.selenium.NoSuchElementException">
      <![CDATA[org.openqa.selenium.NoSuchElementException: The element identified by 'eyJrZXlWYWx1ZVR5cGUiOiJTdHJpbmciLCJrZXlWYWx1ZVN0cmluZyI6IlVzZXJuYW1lIiwiZmluZGVyVHlwZSI6IkJ5VmFsdWVLZXkifQ==' is not present in the cache or has expired. Try to find it again
For documentation on this error, please visit: https://www.selenium.dev/documentation/webdriver/troubleshooting/errors#no-such-element-exception
Build info: version: '4.10.0', revision: 'c14d967899'
System info: os.name: 'Windows 11', os.arch: 'amd64', os.version: '10.0', java.version: '18.0.1.1'
Driver info: io.appium.java_client.android.AndroidDriver
Command: [4d7cbce7-fc8d-4e41-8f8a-8e5da7296d1a, clickElement {id=eyJrZXlWYWx1ZVR5cGUiOiJTdHJpbmciLCJrZXlWYWx1ZVN0cmluZyI6IlVzZXJuYW1lIiwiZmluZGVyVHlwZSI6IkJ5VmFsdWVLZXkifQ==}]
Capabilities {appium:app: , appium:appActivity: com.decimal.dataonflutter.M..., appium:appPackage: dataon.decimal.aucc.uat, appium:automationName: Appium, appium:databaseEnabled: false, appium:desired: {app: , appActivity: com.decimal.dataonflutter.M..., appPackage: dataon.decimal.aucc.uat, automationName: Appium, deviceName: RMX1921, noReset: true, platformName: ANDROID, platformVersion: 11, udid: 402c1cde}, appium:deviceApiLevel: 30, appium:deviceManufacturer: realme, appium:deviceModel: RMX1921, appium:deviceName: 402c1cde, appium:deviceScreenDensity: 480, appium:deviceScreenSize: 1080x2340, appium:deviceUDID: 402c1cde, appium:javascriptEnabled: true, appium:locationContextEnabled: false, appium:networkConnectionEnabled: true, appium:noReset: true, appium:pixelRatio: 3, appium:platformVersion: 11, appium:statBarHeight: 96, appium:takesScreenshot: true, appium:udid: 402c1cde, appium:viewportRect: {height: 2036, left: 0, top: 96, width: 1080}, appium:warnings: {}, appium:webStorageEnabled: false, platformName: ANDROID}
Element: [io.github.ashwith.flutter.FlutterElement@a0bca34e -> unknown locator]
Session ID: 4d7cbce7-fc8d-4e41-8f8a-8e5da7296d1a
at java.base/jdk.internal.reflect.DirectConstructorHandleAccessor.newInstance(DirectConstructorHandleAccessor.java:67)
at java.base/java.lang.reflect.Constructor.newInstanceWithCaller(Constructor.java:499)
at java.base/java.lang.reflect.Constructor.newInstance(Constructor.java:483)
at org.openqa.selenium.remote.codec.w3c.W3CHttpResponseCodec.createException(W3CHttpResponseCodec.java:199)
at org.openqa.selenium.remote.codec.w3c.W3CHttpResponseCodec.decode(W3CHttpResponseCodec.java:132)
at org.openqa.selenium.remote.codec.w3c.W3CHttpResponseCodec.decode(W3CHttpResponseCodec.java:51)
at org.openqa.selenium.remote.HttpCommandExecutor.execute(HttpCommandExecutor.java:191)
at io.appium.java_client.remote.AppiumCommandExecutor.execute(AppiumCommandExecutor.java:262)
at org.openqa.selenium.remote.RemoteWebDriver.execute(RemoteWebDriver.java:531)
at org.openqa.selenium.remote.RemoteWebElement.execute(RemoteWebElement.java:242)
at org.openqa.selenium.remote.RemoteWebElement.click(RemoteWebElement.java:77)
at io.github.ashwith.flutter.example.FlutterFinderExampleTest.appiumFlutterTest(FlutterFinderExampleTest.java:75)
at java.base/jdk.internal.reflect.DirectMethodHandleAccessor.invoke(DirectMethodHandleAccessor.java:104)
at java.base/java.lang.reflect.Method.invoke(Method.java:577)
at org.testng.internal.invokers.MethodInvocationHelper.invokeMethod(MethodInvocationHelper.java:139)
at org.testng.internal.invokers.TestInvoker.invokeMethod(TestInvoker.java:664)
at org.testng.internal.invokers.TestInvoker.invokeTestMethod(TestInvoker.java:227)
at org.testng.internal.invokers.MethodRunner.runInSequence(MethodRunner.java:50)
at org.testng.internal.invokers.TestInvoker$MethodInvocationAgent.invoke(TestInvoker.java:957)
at org.testng.internal.invokers.TestInvoker.invokeTestMethods(TestInvoker.java:200)
at org.testng.internal.invokers.TestMethodWorker.invokeTestMethods(TestMethodWorker.java:148)
at org.testng.internal.invokers.TestMethodWorker.run(TestMethodWorker.java:128)
at java.base/java.util.ArrayList.forEach(ArrayList.java:1511)
at org.testng.TestRunner.privateRun(TestRunner.java:848)
at org.testng.TestRunner.run(TestRunner.java:621)
at org.testng.SuiteRunner.runTest(SuiteRunner.java:443)
at org.testng.SuiteRunner.runSequentially(SuiteRunner.java:437)
at org.testng.SuiteRunner.privateRun(SuiteRunner.java:397)
at org.testng.SuiteRunner.run(SuiteRunner.java:336)
at org.testng.SuiteRunnerWorker.runSuite(SuiteRunnerWorker.java:52)
at org.testng.SuiteRunnerWorker.run(SuiteRunnerWorker.java:95)
at org.testng.TestNG.runSuitesSequentially(TestNG.java:1280)
at org.testng.TestNG.runSuitesLocally(TestNG.java:1200)
at org.testng.TestNG.runSuites(TestNG.java:1114)
at org.testng.TestNG.run(TestNG.java:1082)
at org.testng.remote.AbstractRemoteTestNG.run(AbstractRemoteTestNG.java:115)
at org.testng.remote.RemoteTestNG.initAndRun(RemoteTestNG.java:251)
at org.testng.remote.RemoteTestNG.main(RemoteTestNG.java:77)
]]>
    </error>
  </testcase> <!-- appiumFlutterTest -->
</testsuite> <!-- io.github.ashwith.flutter.example.FlutterFinderExampleTest -->
